npm warn "5173" is being parsed as a normal command line argument.
npm warn Unknown cli config "--port". This will stop working in the next major version of npm.

> frontend@0.0.0 dev
> vite 5173

4:28:09 PM [vite] (client) Re-optimizing dependencies because vite config has changed

  VITE v8.0.3  ready in 339 ms

  ➜  Local:   http://localhost:5173/
  ➜  Network: use --host to expose
  ➜  press h + enter to show help

> frontend@0.0.0 dev
> vite

4:29:37 PM [vite] (client) Re-optimizing dependencies because vite config has changed

  VITE v8.0.3  ready in 388 ms

  ➜  Local:   http://localhost:5173/
  ➜  Network: use --host to expose
  ➜  press h + enter to show help
4:31:00 PM [vite] (client) hmr update /src/App.tsx
4:31:34 PM [vite] (client) [console.error] TypeError: Failed to fetch
    at fetchMeals (http://localhost:5173/src/components/CommunityMeals.tsx:20:27)
    at http://localhost:5173/src/components/CommunityMeals.tsx:32:3
    at Object.react_stack_bottom_frame (http://localhost:5173/node_modules/.vite/deps/react-dom_client.js?v=ca3ef212:12903:13)
    at runWithFiberInDEV (http://localhost:5173/node_modules/.vite/deps/react-dom_client.js?v=ca3ef212:850:66)
    at commitHookEffectListMount (http://localhost:5173/node_modules/.vite/deps/react-dom_client.js?v=ca3ef212:6616:153)
    at commitHookPassiveMountEffects (http://localhost:5173/node_modules/.vite/deps/react-dom_client.js?v=ca3ef212:6651:55)
    at commitPassiveMountOnFiber (http://localhost:5173/node_modules/.vite/deps/react-dom_client.js?v=ca3ef212:7617:22)
    at recursivelyTraversePassiveMountEffects (http://localhost:5173/node_modules/.vite/deps/react-dom_client.js?v=ca3ef212:7605:5)
    at commitPassiveMountOnFiber (http://localhost:5173/node_modules/.vite/deps/react-dom_client.js?v=ca3ef212:7671:14)
    at recursivelyTraversePassiveMountEffects (http://localhost:5173/node_modules/.vite/deps/react-dom_client.js?v=ca3ef212:7605:5)
4:31:34 PM [vite] (client) [console.error] TypeError: Failed to fetch
    at fetchMeals (http://localhost:5173/src/components/CommunityMeals.tsx:20:27)
    at http://localhost:5173/src/components/CommunityMeals.tsx:32:3
    at Object.react_stack_bottom_frame (http://localhost:5173/node_modules/.vite/deps/react-dom_client.js?v=ca3ef212:12903:13)
    at runWithFiberInDEV (http://localhost:5173/node_modules/.vite/deps/react-dom_client.js?v=ca3ef212:850:66)
    at commitHookEffectListMount (http://localhost:5173/node_modules/.vite/deps/react-dom_client.js?v=ca3ef212:6616:153)
    at commitHookPassiveMountEffects (http://localhost:5173/node_modules/.vite/deps/react-dom_client.js?v=ca3ef212:6651:55)
    at reconnectPassiveEffects (http://localhost:5173/node_modules/.vite/deps/react-dom_client.js?v=ca3ef212:7700:6)
    at doubleInvokeEffectsOnFiber (http://localhost:5173/node_modules/.vite/deps/react-dom_client.js?v=ca3ef212:8923:125)
    at runWithFiberInDEV (http://localhost:5173/node_modules/.vite/deps/react-dom_client.js?v=ca3ef212:850:66)
    at recursivelyTraverseAndDoubleInvokeEffectsInDEV (http://localhost:5173/node_modules/.vite/deps/react-dom_client.js?v=ca3ef212:8916:70)
4:31:49 PM [vite] (client) [console.error] TypeError: Failed to fetch
    at fetchMeals (http://localhost:5173/src/components/CommunityMeals.tsx:20:27)
    at http://localhost:5173/src/components/CommunityMeals.tsx:32:3
    at Object.react_stack_bottom_frame (http://localhost:5173/node_modules/.vite/deps/react-dom_client.js?v=ca3ef212:12903:13)
    at runWithFiberInDEV (http://localhost:5173/node_modules/.vite/deps/react-dom_client.js?v=ca3ef212:850:66)
    at commitHookEffectListMount (http://localhost:5173/node_modules/.vite/deps/react-dom_client.js?v=ca3ef212:6616:153)
    at commitHookPassiveMountEffects (http://localhost:5173/node_modules/.vite/deps/react-dom_client.js?v=ca3ef212:6651:55)
    at commitPassiveMountOnFiber (http://localhost:5173/node_modules/.vite/deps/react-dom_client.js?v=ca3ef212:7617:22)
    at recursivelyTraversePassiveMountEffects (http://localhost:5173/node_modules/.vite/deps/react-dom_client.js?v=ca3ef212:7605:5)
    at commitPassiveMountOnFiber (http://localhost:5173/node_modules/.vite/deps/react-dom_client.js?v=ca3ef212:7671:14)
    at recursivelyTraversePassiveMountEffects (http://localhost:5173/node_modules/.vite/deps/react-dom_client.js?v=ca3ef212:7605:5)
4:31:49 PM [vite] (client) [console.error] TypeError: Failed to fetch
    at fetchMeals (http://localhost:5173/src/components/CommunityMeals.tsx:20:27)
    at http://localhost:5173/src/components/CommunityMeals.tsx:32:3
    at Object.react_stack_bottom_frame (http://localhost:5173/node_modules/.vite/deps/react-dom_client.js?v=ca3ef212:12903:13)
    at runWithFiberInDEV (http://localhost:5173/node_modules/.vite/deps/react-dom_client.js?v=ca3ef212:850:66)
    at commitHookEffectListMount (http://localhost:5173/node_modules/.vite/deps/react-dom_client.js?v=ca3ef212:6616:153)
    at commitHookPassiveMountEffects (http://localhost:5173/node_modules/.vite/deps/react-dom_client.js?v=ca3ef212:6651:55)
    at reconnectPassiveEffects (http://localhost:5173/node_modules/.vite/deps/react-dom_client.js?v=ca3ef212:7700:6)
    at doubleInvokeEffectsOnFiber (http://localhost:5173/node_modules/.vite/deps/react-dom_client.js?v=ca3ef212:8923:125)
    at runWithFiberInDEV (http://localhost:5173/node_modules/.vite/deps/react-dom_client.js?v=ca3ef212:850:66)
    at recursivelyTraverseAndDoubleInvokeEffectsInDEV (http://localhost:5173/node_modules/.vite/deps/react-dom_client.js?v=ca3ef212:8916:70)
4:31:50 PM [vite] (client) [console.error] TypeError: Failed to fetch
    at fetchSeasonal (http://localhost:5173/src/components/SeasonalDashboard.tsx:14:28)
    at http://localhost:5173/src/components/SeasonalDashboard.tsx:25:3
    at Object.react_stack_bottom_frame (http://localhost:5173/node_modules/.vite/deps/react-dom_client.js?v=ca3ef212:12903:13)
    at runWithFiberInDEV (http://localhost:5173/node_modules/.vite/deps/react-dom_client.js?v=ca3ef212:850:66)
    at commitHookEffectListMount (http://localhost:5173/node_modules/.vite/deps/react-dom_client.js?v=ca3ef212:6616:153)
    at commitHookPassiveMountEffects (http://localhost:5173/node_modules/.vite/deps/react-dom_client.js?v=ca3ef212:6651:55)
    at commitPassiveMountOnFiber (http://localhost:5173/node_modules/.vite/deps/react-dom_client.js?v=ca3ef212:7617:22)
    at recursivelyTraversePassiveMountEffects (http://localhost:5173/node_modules/.vite/deps/react-dom_client.js?v=ca3ef212:7605:5)
    at commitPassiveMountOnFiber (http://localhost:5173/node_modules/.vite/deps/react-dom_client.js?v=ca3ef212:7671:14)
    at recursivelyTraversePassiveMountEffects (http://localhost:5173/node_modules/.vite/deps/react-dom_client.js?v=ca3ef212:7605:5)
4:31:50 PM [vite] (client) [console.error] TypeError: Failed to fetch
    at fetchSeasonal (http://localhost:5173/src/components/SeasonalDashboard.tsx:14:28)
    at http://localhost:5173/src/components/SeasonalDashboard.tsx:25:3
    at Object.react_stack_bottom_frame (http://localhost:5173/node_modules/.vite/deps/react-dom_client.js?v=ca3ef212:12903:13)
    at runWithFiberInDEV (http://localhost:5173/node_modules/.vite/deps/react-dom_client.js?v=ca3ef212:850:66)
    at commitHookEffectListMount (http://localhost:5173/node_modules/.vite/deps/react-dom_client.js?v=ca3ef212:6616:153)
    at commitHookPassiveMountEffects (http://localhost:5173/node_modules/.vite/deps/react-dom_client.js?v=ca3ef212:6651:55)
    at reconnectPassiveEffects (http://localhost:5173/node_modules/.vite/deps/react-dom_client.js?v=ca3ef212:7700:6)
    at doubleInvokeEffectsOnFiber (http://localhost:5173/node_modules/.vite/deps/react-dom_client.js?v=ca3ef212:8923:125)
    at runWithFiberInDEV (http://localhost:5173/node_modules/.vite/deps/react-dom_client.js?v=ca3ef212:850:66)
    at recursivelyTraverseAndDoubleInvokeEffectsInDEV (http://localhost:5173/node_modules/.vite/deps/react-dom_client.js?v=ca3ef212:8916:70)
4:31:52 PM [vite] (client) [console.error] TypeError: Failed to fetch
    at fetchSeasonal (http://localhost:5173/src/components/SeasonalDashboard.tsx:14:28)
    at http://localhost:5173/src/components/SeasonalDashboard.tsx:25:3
    at Object.react_stack_bottom_frame (http://localhost:5173/node_modules/.vite/deps/react-dom_client.js?v=ca3ef212:12903:13)
    at runWithFiberInDEV (http://localhost:5173/node_modules/.vite/deps/react-dom_client.js?v=ca3ef212:850:66)
    at commitHookEffectListMount (http://localhost:5173/node_modules/.vite/deps/react-dom_client.js?v=ca3ef212:6616:153)
    at commitHookPassiveMountEffects (http://localhost:5173/node_modules/.vite/deps/react-dom_client.js?v=ca3ef212:6651:55)
    at commitPassiveMountOnFiber (http://localhost:5173/node_modules/.vite/deps/react-dom_client.js?v=ca3ef212:7617:22)
    at recursivelyTraversePassiveMountEffects (http://localhost:5173/node_modules/.vite/deps/react-dom_client.js?v=ca3ef212:7605:5)
    at commitPassiveMountOnFiber (http://localhost:5173/node_modules/.vite/deps/react-dom_client.js?v=ca3ef212:7671:14)
    at recursivelyTraversePassiveMountEffects (http://localhost:5173/node_modules/.vite/deps/react-dom_client.js?v=ca3ef212:7605:5)
4:31:52 PM [vite] (client) [console.error] TypeError: Failed to fetch
    at fetchSeasonal (http://localhost:5173/src/components/SeasonalDashboard.tsx:14:28)
    at http://localhost:5173/src/components/SeasonalDashboard.tsx:25:3
    at Object.react_stack_bottom_frame (http://localhost:5173/node_modules/.vite/deps/react-dom_client.js?v=ca3ef212:12903:13)
    at runWithFiberInDEV (http://localhost:5173/node_modules/.vite/deps/react-dom_client.js?v=ca3ef212:850:66)
    at commitHookEffectListMount (http://localhost:5173/node_modules/.vite/deps/react-dom_client.js?v=ca3ef212:6616:153)
    at commitHookPassiveMountEffects (http://localhost:5173/node_modules/.vite/deps/react-dom_client.js?v=ca3ef212:6651:55)
    at reconnectPassiveEffects (http://localhost:5173/node_modules/.vite/deps/react-dom_client.js?v=ca3ef212:7700:6)
    at doubleInvokeEffectsOnFiber (http://localhost:5173/node_modules/.vite/deps/react-dom_client.js?v=ca3ef212:8923:125)
    at runWithFiberInDEV (http://localhost:5173/node_modules/.vite/deps/react-dom_client.js?v=ca3ef212:850:66)
    at recursivelyTraverseAndDoubleInvokeEffectsInDEV (http://localhost:5173/node_modules/.vite/deps/react-dom_client.js?v=ca3ef212:8916:70)
