INFO:     Started server process [45225]
INFO:     Waiting for application startup.
INFO:     Application startup complete.
INFO:     Uvicorn running on http://127.0.0.1:8000 (Press CTRL+C to quit)
INFO:     127.0.0.1:56048 - "GET /api/products/search?q=cheese HTTP/1.1" 200 OK
INFO:     127.0.0.1:56051 - "GET /api/products/search?q=BBQ%20Chicken HTTP/1.1" 200 OK
INFO:     127.0.0.1:56051 - "GET /api/products/search?q=BBQ HTTP/1.1" 200 OK
INFO:     127.0.0.1:56075 - "GET /api/products/search?q=milk HTTP/1.1" 200 OK
INFO:     127.0.0.1:56086 - "GET /api/seasonal HTTP/1.1" 200 OK
INFO:     127.0.0.1:56086 - "GET /api/seasonal HTTP/1.1" 200 OK
INFO:     127.0.0.1:56086 - "GET /api/meals HTTP/1.1" 200 OK
INFO:     127.0.0.1:56086 - "GET /api/meals HTTP/1.1" 200 OK
INFO:     127.0.0.1:56096 - "GET /api/seasonal HTTP/1.1" 200 OK
INFO:     127.0.0.1:56096 - "GET /api/seasonal HTTP/1.1" 200 OK
INFO:     127.0.0.1:56159 - "GET /api/seasonal HTTP/1.1" 200 OK
INFO:     127.0.0.1:56159 - "GET /api/seasonal HTTP/1.1" 200 OK
INFO:     127.0.0.1:56159 - "GET /api/meals HTTP/1.1" 200 OK
INFO:     127.0.0.1:56159 - "GET /api/meals HTTP/1.1" 200 OK
INFO:     127.0.0.1:56181 - "OPTIONS /api/lists/optimize HTTP/1.1" 200 OK
INFO:     127.0.0.1:56181 - "POST /api/lists/optimize HTTP/1.1" 200 OK
INFO:     127.0.0.1:56183 - "GET /api/seasonal HTTP/1.1" 200 OK
INFO:     127.0.0.1:56183 - "GET /api/seasonal HTTP/1.1" 200 OK
INFO:     Started server process [46099]
INFO:     Waiting for application startup.
INFO:     Application startup complete.
INFO:     Uvicorn running on http://127.0.0.1:8000 (Press CTRL+C to quit)
INFO:     Started server process [46372]
INFO:     Waiting for application startup.
INFO:     Application startup complete.
INFO:     Uvicorn running on http://127.0.0.1:8000 (Press CTRL+C to quit)
INFO:     127.0.0.1:56790 - "OPTIONS /api/chat HTTP/1.1" 200 OK
INFO:     127.0.0.1:56790 - "POST /api/chat HTTP/1.1" 200 OK
INFO:     127.0.0.1:56837 - "POST /api/chat HTTP/1.1" 200 OK
INFO:     Started server process [46584]
INFO:     Waiting for application startup.
INFO:     Application startup complete.
INFO:     Uvicorn running on http://127.0.0.1:8000 (Press CTRL+C to quit)
INFO:     127.0.0.1:56913 - "OPTIONS /api/chat HTTP/1.1" 200 OK
INFO:     127.0.0.1:56913 - "POST /api/chat HTTP/1.1" 200 OK
INFO:     127.0.0.1:56915 - "POST /api/chat HTTP/1.1" 200 OK
INFO:     Started server process [46824]
INFO:     Waiting for application startup.
INFO:     Application startup complete.
INFO:     Uvicorn running on http://127.0.0.1:8000 (Press CTRL+C to quit)
INFO:     127.0.0.1:57019 - "POST /api/chat HTTP/1.1" 200 OK
INFO:     127.0.0.1:57085 - "POST /api/chat HTTP/1.1" 200 OK
INFO:     127.0.0.1:57114 - "POST /api/chat HTTP/1.1" 200 OK
INFO:     127.0.0.1:57205 - "OPTIONS /api/chat HTTP/1.1" 200 OK
INFO:     127.0.0.1:57205 - "POST /api/chat HTTP/1.1" 200 OK
INFO:     127.0.0.1:57321 - "GET /docs HTTP/1.1" 200 OK
INFO:     127.0.0.1:57321 - "GET /openapi.json HTTP/1.1" 200 OK
INFO:     127.0.0.1:57349 - "GET /api/seasonal HTTP/1.1" 200 OK
INFO:     127.0.0.1:57349 - "GET /api/seasonal HTTP/1.1" 200 OK
INFO:     127.0.0.1:57357 - "GET /api/seasonal HTTP/1.1" 200 OK
INFO:     127.0.0.1:57357 - "GET /api/seasonal HTTP/1.1" 200 OK
INFO:     127.0.0.1:57357 - "GET /api/meals HTTP/1.1" 200 OK
INFO:     127.0.0.1:57357 - "GET /api/meals HTTP/1.1" 200 OK
INFO:     127.0.0.1:57357 - "GET /api/seasonal HTTP/1.1" 200 OK
INFO:     127.0.0.1:57357 - "GET /api/seasonal HTTP/1.1" 200 OK
INFO:     127.0.0.1:57357 - "GET /api/meals HTTP/1.1" 200 OK
INFO:     127.0.0.1:57357 - "GET /api/meals HTTP/1.1" 200 OK
Form data requires "python-multipart" to be installed. 
You can install "python-multipart" with: 

pip install python-multipart

Traceback (most recent call last):
  File "/Users/angie/BalanceBasket/balancebasket/backend/.venv/bin/uvicorn", line 10, in <module>
    sys.exit(main())
             ^^^^^^
  File "/Users/angie/BalanceBasket/balancebasket/backend/.venv/lib/python3.11/site-packages/click/core.py", line 1485, in __call__
    return self.main(*args, **kwargs)
           ^^^^^^^^^^^^^^^^^^^^^^^^^^
  File "/Users/angie/BalanceBasket/balancebasket/backend/.venv/lib/python3.11/site-packages/click/core.py", line 1406, in main
    rv = self.invoke(ctx)
         ^^^^^^^^^^^^^^^^
  File "/Users/angie/BalanceBasket/balancebasket/backend/.venv/lib/python3.11/site-packages/click/core.py", line 1269, in invoke
    return ctx.invoke(self.callback, **ctx.params)
           ^^^^^^^^^^^^^^^^^^^^^^^^^^^^^^^^^^^^^^^
  File "/Users/angie/BalanceBasket/balancebasket/backend/.venv/lib/python3.11/site-packages/click/core.py", line 824, in invoke
    return callback(*args, **kwargs)
           ^^^^^^^^^^^^^^^^^^^^^^^^^
  File "/Users/angie/BalanceBasket/balancebasket/backend/.venv/lib/python3.11/site-packages/uvicorn/main.py", line 433, in main
    run(
  File "/Users/angie/BalanceBasket/balancebasket/backend/.venv/lib/python3.11/site-packages/uvicorn/main.py", line 606, in run
    server.run()
  File "/Users/angie/BalanceBasket/balancebasket/backend/.venv/lib/python3.11/site-packages/uvicorn/server.py", line 75, in run
    return asyncio_run(self.serve(sockets=sockets), loop_factory=self.config.get_loop_factory())
           ^^^^^^^^^^^^^^^^^^^^^^^^^^^^^^^^^^^^^^^^^^^^^^^^^^^^^^^^^^^^^^^^^^^^^^^^^^^^^^^^^^^^^
  File "/Users/angie/BalanceBasket/balancebasket/backend/.venv/lib/python3.11/site-packages/uvicorn/_compat.py", line 30, in asyncio_run
    return runner.run(main)
           ^^^^^^^^^^^^^^^^
  File "/Users/angie/anaconda3/lib/python3.11/asyncio/runners.py", line 118, in run
    return self._loop.run_until_complete(task)
           ^^^^^^^^^^^^^^^^^^^^^^^^^^^^^^^^^^^
  File "/Users/angie/anaconda3/lib/python3.11/asyncio/base_events.py", line 653, in run_until_complete
    return future.result()
           ^^^^^^^^^^^^^^^
  File "/Users/angie/BalanceBasket/balancebasket/backend/.venv/lib/python3.11/site-packages/uvicorn/server.py", line 79, in serve
    await self._serve(sockets)
  File "/Users/angie/BalanceBasket/balancebasket/backend/.venv/lib/python3.11/site-packages/uvicorn/server.py", line 86, in _serve
    config.load()
  File "/Users/angie/BalanceBasket/balancebasket/backend/.venv/lib/python3.11/site-packages/uvicorn/config.py", line 441, in load
    self.loaded_app = import_from_string(self.app)
                      ^^^^^^^^^^^^^^^^^^^^^^^^^^^^
  File "/Users/angie/BalanceBasket/balancebasket/backend/.venv/lib/python3.11/site-packages/uvicorn/importer.py", line 19, in import_from_string
    module = importlib.import_module(module_str)
             ^^^^^^^^^^^^^^^^^^^^^^^^^^^^^^^^^^^
  File "/Users/angie/anaconda3/lib/python3.11/importlib/__init__.py", line 126, in import_module
    return _bootstrap._gcd_import(name[level:], package, level)
           ^^^^^^^^^^^^^^^^^^^^^^^^^^^^^^^^^^^^^^^^^^^^^^^^^^^^
  File "<frozen importlib._bootstrap>", line 1204, in _gcd_import
  File "<frozen importlib._bootstrap>", line 1176, in _find_and_load
  File "<frozen importlib._bootstrap>", line 1147, in _find_and_load_unlocked
  File "<frozen importlib._bootstrap>", line 690, in _load_unlocked
  File "<frozen importlib._bootstrap_external>", line 940, in exec_module
  File "<frozen importlib._bootstrap>", line 241, in _call_with_frames_removed
  File "/Users/angie/BalanceBasket/balancebasket/backend/main.py", line 74, in <module>
    @app.post("/api/token", response_model=Token)
     ^^^^^^^^^^^^^^^^^^^^^^^^^^^^^^^^^^^^^^^^^^^^
  File "/Users/angie/BalanceBasket/balancebasket/backend/.venv/lib/python3.11/site-packages/fastapi/routing.py", line 1125, in decorator
    self.add_api_route(
  File "/Users/angie/BalanceBasket/balancebasket/backend/.venv/lib/python3.11/site-packages/fastapi/routing.py", line 1064, in add_api_route
    route = route_class(
            ^^^^^^^^^^^^
  File "/Users/angie/BalanceBasket/balancebasket/backend/.venv/lib/python3.11/site-packages/fastapi/routing.py", line 665, in __init__
    self.dependant = get_dependant(
                     ^^^^^^^^^^^^^^
  File "/Users/angie/BalanceBasket/balancebasket/backend/.venv/lib/python3.11/site-packages/fastapi/dependencies/utils.py", line 301, in get_dependant
    sub_dependant = get_dependant(
                    ^^^^^^^^^^^^^^
  File "/Users/angie/BalanceBasket/balancebasket/backend/.venv/lib/python3.11/site-packages/fastapi/dependencies/utils.py", line 279, in get_dependant
    param_details = analyze_param(
                    ^^^^^^^^^^^^^^
  File "/Users/angie/BalanceBasket/balancebasket/backend/.venv/lib/python3.11/site-packages/fastapi/dependencies/utils.py", line 502, in analyze_param
    ensure_multipart_is_installed()
  File "/Users/angie/BalanceBasket/balancebasket/backend/.venv/lib/python3.11/site-packages/fastapi/dependencies/utils.py", line 108, in ensure_multipart_is_installed
    raise RuntimeError(multipart_not_installed_error) from None
RuntimeError: Form data requires "python-multipart" to be installed. 
You can install "python-multipart" with: 

pip install python-multipart

INFO:     Started server process [47950]
INFO:     Waiting for application startup.
INFO:     Application startup complete.
INFO:     Uvicorn running on http://127.0.0.1:8000 (Press CTRL+C to quit)
INFO:     127.0.0.1:57613 - "OPTIONS /api/register HTTP/1.1" 200 OK
(trapped) error reading bcrypt version
Traceback (most recent call last):
  File "/Users/angie/BalanceBasket/balancebasket/backend/.venv/lib/python3.11/site-packages/passlib/handlers/bcrypt.py", line 620, in _load_backend_mixin
    version = _bcrypt.__about__.__version__
              ^^^^^^^^^^^^^^^^^
AttributeError: module 'bcrypt' has no attribute '__about__'
INFO:     127.0.0.1:57613 - "POST /api/register HTTP/1.1" 500 Internal Server Error
ERROR:    Exception in ASGI application
Traceback (most recent call last):
  File "/Users/angie/BalanceBasket/balancebasket/backend/.venv/lib/python3.11/site-packages/uvicorn/protocols/http/h11_impl.py", line 410, in run_asgi
    result = await app(  # type: ignore[func-returns-value]
             ^^^^^^^^^^^^^^^^^^^^^^^^^^^^^^^^^^^^^^^^^^^^^^
  File "/Users/angie/BalanceBasket/balancebasket/backend/.venv/lib/python3.11/site-packages/uvicorn/middleware/proxy_headers.py", line 60, in __call__
    return await self.app(scope, receive, send)
           ^^^^^^^^^^^^^^^^^^^^^^^^^^^^^^^^^^^^
  File "/Users/angie/BalanceBasket/balancebasket/backend/.venv/lib/python3.11/site-packages/fastapi/applications.py", line 1134, in __call__
    await super().__call__(scope, receive, send)
  File "/Users/angie/BalanceBasket/balancebasket/backend/.venv/lib/python3.11/site-packages/starlette/applications.py", line 107, in __call__
    await self.middleware_stack(scope, receive, send)
  File "/Users/angie/BalanceBasket/balancebasket/backend/.venv/lib/python3.11/site-packages/starlette/middleware/errors.py", line 186, in __call__
    raise exc
  File "/Users/angie/BalanceBasket/balancebasket/backend/.venv/lib/python3.11/site-packages/starlette/middleware/errors.py", line 164, in __call__
    await self.app(scope, receive, _send)
  File "/Users/angie/BalanceBasket/balancebasket/backend/.venv/lib/python3.11/site-packages/starlette/middleware/cors.py", line 95, in __call__
    await self.simple_response(scope, receive, send, request_headers=headers)
  File "/Users/angie/BalanceBasket/balancebasket/backend/.venv/lib/python3.11/site-packages/starlette/middleware/cors.py", line 153, in simple_response
    await self.app(scope, receive, send)
  File "/Users/angie/BalanceBasket/balancebasket/backend/.venv/lib/python3.11/site-packages/starlette/middleware/exceptions.py", line 63, in __call__
    await wrap_app_handling_exceptions(self.app, conn)(scope, receive, send)
  File "/Users/angie/BalanceBasket/balancebasket/backend/.venv/lib/python3.11/site-packages/starlette/_exception_handler.py", line 53, in wrapped_app
    raise exc
  File "/Users/angie/BalanceBasket/balancebasket/backend/.venv/lib/python3.11/site-packages/starlette/_exception_handler.py", line 42, in wrapped_app
    await app(scope, receive, sender)
  File "/Users/angie/BalanceBasket/balancebasket/backend/.venv/lib/python3.11/site-packages/fastapi/middleware/asyncexitstack.py", line 18, in __call__
    await self.app(scope, receive, send)
  File "/Users/angie/BalanceBasket/balancebasket/backend/.venv/lib/python3.11/site-packages/starlette/routing.py", line 716, in __call__
    await self.middleware_stack(scope, receive, send)
  File "/Users/angie/BalanceBasket/balancebasket/backend/.venv/lib/python3.11/site-packages/starlette/routing.py", line 736, in app
    await route.handle(scope, receive, send)
  File "/Users/angie/BalanceBasket/balancebasket/backend/.venv/lib/python3.11/site-packages/starlette/routing.py", line 290, in handle
    await self.app(scope, receive, send)
  File "/Users/angie/BalanceBasket/balancebasket/backend/.venv/lib/python3.11/site-packages/fastapi/routing.py", line 119, in app
    await wrap_app_handling_exceptions(app, request)(scope, receive, send)
  File "/Users/angie/BalanceBasket/balancebasket/backend/.venv/lib/python3.11/site-packages/starlette/_exception_handler.py", line 53, in wrapped_app
    raise exc
  File "/Users/angie/BalanceBasket/balancebasket/backend/.venv/lib/python3.11/site-packages/starlette/_exception_handler.py", line 42, in wrapped_app
    await app(scope, receive, sender)
  File "/Users/angie/BalanceBasket/balancebasket/backend/.venv/lib/python3.11/site-packages/fastapi/routing.py", line 105, in app
    response = await f(request)
               ^^^^^^^^^^^^^^^^
  File "/Users/angie/BalanceBasket/balancebasket/backend/.venv/lib/python3.11/site-packages/fastapi/routing.py", line 424, in app
    raw_response = await run_endpoint_function(
                   ^^^^^^^^^^^^^^^^^^^^^^^^^^^^
  File "/Users/angie/BalanceBasket/balancebasket/backend/.venv/lib/python3.11/site-packages/fastapi/routing.py", line 314, in run_endpoint_function
    return await run_in_threadpool(dependant.call, **values)
           ^^^^^^^^^^^^^^^^^^^^^^^^^^^^^^^^^^^^^^^^^^^^^^^^^
  File "/Users/angie/BalanceBasket/balancebasket/backend/.venv/lib/python3.11/site-packages/starlette/concurrency.py", line 32, in run_in_threadpool
    return await anyio.to_thread.run_sync(func)
           ^^^^^^^^^^^^^^^^^^^^^^^^^^^^^^^^^^^^
  File "/Users/angie/BalanceBasket/balancebasket/backend/.venv/lib/python3.11/site-packages/anyio/to_thread.py", line 63, in run_sync
    return await get_async_backend().run_sync_in_worker_thread(
           ^^^^^^^^^^^^^^^^^^^^^^^^^^^^^^^^^^^^^^^^^^^^^^^^^^^^
  File "/Users/angie/BalanceBasket/balancebasket/backend/.venv/lib/python3.11/site-packages/anyio/_backends/_asyncio.py", line 2502, in run_sync_in_worker_thread
    return await future
           ^^^^^^^^^^^^
  File "/Users/angie/BalanceBasket/balancebasket/backend/.venv/lib/python3.11/site-packages/anyio/_backends/_asyncio.py", line 986, in run
    result = context.run(func, *args)
             ^^^^^^^^^^^^^^^^^^^^^^^^
  File "/Users/angie/BalanceBasket/balancebasket/backend/main.py", line 67, in register
    hashed_password = get_password_hash(user.password)
                      ^^^^^^^^^^^^^^^^^^^^^^^^^^^^^^^^
  File "/Users/angie/BalanceBasket/balancebasket/backend/auth.py", line 17, in get_password_hash
    return pwd_context.hash(password)
           ^^^^^^^^^^^^^^^^^^^^^^^^^^
  File "/Users/angie/BalanceBasket/balancebasket/backend/.venv/lib/python3.11/site-packages/passlib/context.py", line 2258, in hash
    return record.hash(secret, **kwds)
           ^^^^^^^^^^^^^^^^^^^^^^^^^^^
  File "/Users/angie/BalanceBasket/balancebasket/backend/.venv/lib/python3.11/site-packages/passlib/utils/handlers.py", line 779, in hash
    self.checksum = self._calc_checksum(secret)
                    ^^^^^^^^^^^^^^^^^^^^^^^^^^^
  File "/Users/angie/BalanceBasket/balancebasket/backend/.venv/lib/python3.11/site-packages/passlib/handlers/bcrypt.py", line 591, in _calc_checksum
    self._stub_requires_backend()
  File "/Users/angie/BalanceBasket/balancebasket/backend/.venv/lib/python3.11/site-packages/passlib/utils/handlers.py", line 2254, in _stub_requires_backend
    cls.set_backend()
  File "/Users/angie/BalanceBasket/balancebasket/backend/.venv/lib/python3.11/site-packages/passlib/utils/handlers.py", line 2156, in set_backend
    return owner.set_backend(name, dryrun=dryrun)
           ^^^^^^^^^^^^^^^^^^^^^^^^^^^^^^^^^^^^^^
  File "/Users/angie/BalanceBasket/balancebasket/backend/.venv/lib/python3.11/site-packages/passlib/utils/handlers.py", line 2163, in set_backend
    return cls.set_backend(name, dryrun=dryrun)
           ^^^^^^^^^^^^^^^^^^^^^^^^^^^^^^^^^^^^
  File "/Users/angie/BalanceBasket/balancebasket/backend/.venv/lib/python3.11/site-packages/passlib/utils/handlers.py", line 2188, in set_backend
    cls._set_backend(name, dryrun)
  File "/Users/angie/BalanceBasket/balancebasket/backend/.venv/lib/python3.11/site-packages/passlib/utils/handlers.py", line 2311, in _set_backend
    super(SubclassBackendMixin, cls)._set_backend(name, dryrun)
  File "/Users/angie/BalanceBasket/balancebasket/backend/.venv/lib/python3.11/site-packages/passlib/utils/handlers.py", line 2224, in _set_backend
    ok = loader(**kwds)
         ^^^^^^^^^^^^^^
  File "/Users/angie/BalanceBasket/balancebasket/backend/.venv/lib/python3.11/site-packages/passlib/handlers/bcrypt.py", line 626, in _load_backend_mixin
    return mixin_cls._finalize_backend_mixin(name, dryrun)
           ^^^^^^^^^^^^^^^^^^^^^^^^^^^^^^^^^^^^^^^^^^^^^^^
  File "/Users/angie/BalanceBasket/balancebasket/backend/.venv/lib/python3.11/site-packages/passlib/handlers/bcrypt.py", line 421, in _finalize_backend_mixin
    if detect_wrap_bug(IDENT_2A):
       ^^^^^^^^^^^^^^^^^^^^^^^^^
  File "/Users/angie/BalanceBasket/balancebasket/backend/.venv/lib/python3.11/site-packages/passlib/handlers/bcrypt.py", line 380, in detect_wrap_bug
    if verify(secret, bug_hash):
       ^^^^^^^^^^^^^^^^^^^^^^^^
  File "/Users/angie/BalanceBasket/balancebasket/backend/.venv/lib/python3.11/site-packages/passlib/utils/handlers.py", line 792, in verify
    return consteq(self._calc_checksum(secret), chk)
                   ^^^^^^^^^^^^^^^^^^^^^^^^^^^
  File "/Users/angie/BalanceBasket/balancebasket/backend/.venv/lib/python3.11/site-packages/passlib/handlers/bcrypt.py", line 655, in _calc_checksum
    hash = _bcrypt.hashpw(secret, config)
           ^^^^^^^^^^^^^^^^^^^^^^^^^^^^^^
ValueError: password cannot be longer than 72 bytes, truncate manually if necessary (e.g. my_password[:72])
(trapped) error reading bcrypt version
Traceback (most recent call last):
  File "/Users/angie/BalanceBasket/balancebasket/backend/.venv/lib/python3.11/site-packages/passlib/handlers/bcrypt.py", line 620, in _load_backend_mixin
    version = _bcrypt.__about__.__version__
              ^^^^^^^^^^^^^^^^^
AttributeError: module 'bcrypt' has no attribute '__about__'
INFO:     127.0.0.1:57615 - "POST /api/register HTTP/1.1" 500 Internal Server Error
ERROR:    Exception in ASGI application
Traceback (most recent call last):
  File "/Users/angie/BalanceBasket/balancebasket/backend/.venv/lib/python3.11/site-packages/uvicorn/protocols/http/h11_impl.py", line 410, in run_asgi
    result = await app(  # type: ignore[func-returns-value]
             ^^^^^^^^^^^^^^^^^^^^^^^^^^^^^^^^^^^^^^^^^^^^^^
  File "/Users/angie/BalanceBasket/balancebasket/backend/.venv/lib/python3.11/site-packages/uvicorn/middleware/proxy_headers.py", line 60, in __call__
    return await self.app(scope, receive, send)
           ^^^^^^^^^^^^^^^^^^^^^^^^^^^^^^^^^^^^
  File "/Users/angie/BalanceBasket/balancebasket/backend/.venv/lib/python3.11/site-packages/fastapi/applications.py", line 1134, in __call__
    await super().__call__(scope, receive, send)
  File "/Users/angie/BalanceBasket/balancebasket/backend/.venv/lib/python3.11/site-packages/starlette/applications.py", line 107, in __call__
    await self.middleware_stack(scope, receive, send)
  File "/Users/angie/BalanceBasket/balancebasket/backend/.venv/lib/python3.11/site-packages/starlette/middleware/errors.py", line 186, in __call__
    raise exc
  File "/Users/angie/BalanceBasket/balancebasket/backend/.venv/lib/python3.11/site-packages/starlette/middleware/errors.py", line 164, in __call__
    await self.app(scope, receive, _send)
  File "/Users/angie/BalanceBasket/balancebasket/backend/.venv/lib/python3.11/site-packages/starlette/middleware/cors.py", line 95, in __call__
    await self.simple_response(scope, receive, send, request_headers=headers)
  File "/Users/angie/BalanceBasket/balancebasket/backend/.venv/lib/python3.11/site-packages/starlette/middleware/cors.py", line 153, in simple_response
    await self.app(scope, receive, send)
  File "/Users/angie/BalanceBasket/balancebasket/backend/.venv/lib/python3.11/site-packages/starlette/middleware/exceptions.py", line 63, in __call__
    await wrap_app_handling_exceptions(self.app, conn)(scope, receive, send)
  File "/Users/angie/BalanceBasket/balancebasket/backend/.venv/lib/python3.11/site-packages/starlette/_exception_handler.py", line 53, in wrapped_app
    raise exc
  File "/Users/angie/BalanceBasket/balancebasket/backend/.venv/lib/python3.11/site-packages/starlette/_exception_handler.py", line 42, in wrapped_app
    await app(scope, receive, sender)
  File "/Users/angie/BalanceBasket/balancebasket/backend/.venv/lib/python3.11/site-packages/fastapi/middleware/asyncexitstack.py", line 18, in __call__
    await self.app(scope, receive, send)
  File "/Users/angie/BalanceBasket/balancebasket/backend/.venv/lib/python3.11/site-packages/starlette/routing.py", line 716, in __call__
    await self.middleware_stack(scope, receive, send)
  File "/Users/angie/BalanceBasket/balancebasket/backend/.venv/lib/python3.11/site-packages/starlette/routing.py", line 736, in app
    await route.handle(scope, receive, send)
  File "/Users/angie/BalanceBasket/balancebasket/backend/.venv/lib/python3.11/site-packages/starlette/routing.py", line 290, in handle
    await self.app(scope, receive, send)
  File "/Users/angie/BalanceBasket/balancebasket/backend/.venv/lib/python3.11/site-packages/fastapi/routing.py", line 119, in app
    await wrap_app_handling_exceptions(app, request)(scope, receive, send)
  File "/Users/angie/BalanceBasket/balancebasket/backend/.venv/lib/python3.11/site-packages/starlette/_exception_handler.py", line 53, in wrapped_app
    raise exc
  File "/Users/angie/BalanceBasket/balancebasket/backend/.venv/lib/python3.11/site-packages/starlette/_exception_handler.py", line 42, in wrapped_app
    await app(scope, receive, sender)
  File "/Users/angie/BalanceBasket/balancebasket/backend/.venv/lib/python3.11/site-packages/fastapi/routing.py", line 105, in app
    response = await f(request)
               ^^^^^^^^^^^^^^^^
  File "/Users/angie/BalanceBasket/balancebasket/backend/.venv/lib/python3.11/site-packages/fastapi/routing.py", line 424, in app
    raw_response = await run_endpoint_function(
                   ^^^^^^^^^^^^^^^^^^^^^^^^^^^^
  File "/Users/angie/BalanceBasket/balancebasket/backend/.venv/lib/python3.11/site-packages/fastapi/routing.py", line 314, in run_endpoint_function
    return await run_in_threadpool(dependant.call, **values)
           ^^^^^^^^^^^^^^^^^^^^^^^^^^^^^^^^^^^^^^^^^^^^^^^^^
  File "/Users/angie/BalanceBasket/balancebasket/backend/.venv/lib/python3.11/site-packages/starlette/concurrency.py", line 32, in run_in_threadpool
    return await anyio.to_thread.run_sync(func)
           ^^^^^^^^^^^^^^^^^^^^^^^^^^^^^^^^^^^^
  File "/Users/angie/BalanceBasket/balancebasket/backend/.venv/lib/python3.11/site-packages/anyio/to_thread.py", line 63, in run_sync
    return await get_async_backend().run_sync_in_worker_thread(
           ^^^^^^^^^^^^^^^^^^^^^^^^^^^^^^^^^^^^^^^^^^^^^^^^^^^^
  File "/Users/angie/BalanceBasket/balancebasket/backend/.venv/lib/python3.11/site-packages/anyio/_backends/_asyncio.py", line 2502, in run_sync_in_worker_thread
    return await future
           ^^^^^^^^^^^^
  File "/Users/angie/BalanceBasket/balancebasket/backend/.venv/lib/python3.11/site-packages/anyio/_backends/_asyncio.py", line 986, in run
    result = context.run(func, *args)
             ^^^^^^^^^^^^^^^^^^^^^^^^
  File "/Users/angie/BalanceBasket/balancebasket/backend/main.py", line 67, in register
    hashed_password = get_password_hash(user.password)
                      ^^^^^^^^^^^^^^^^^^^^^^^^^^^^^^^^
  File "/Users/angie/BalanceBasket/balancebasket/backend/auth.py", line 17, in get_password_hash
    return pwd_context.hash(password)
           ^^^^^^^^^^^^^^^^^^^^^^^^^^
  File "/Users/angie/BalanceBasket/balancebasket/backend/.venv/lib/python3.11/site-packages/passlib/context.py", line 2258, in hash
    return record.hash(secret, **kwds)
           ^^^^^^^^^^^^^^^^^^^^^^^^^^^
  File "/Users/angie/BalanceBasket/balancebasket/backend/.venv/lib/python3.11/site-packages/passlib/utils/handlers.py", line 779, in hash
    self.checksum = self._calc_checksum(secret)
                    ^^^^^^^^^^^^^^^^^^^^^^^^^^^
  File "/Users/angie/BalanceBasket/balancebasket/backend/.venv/lib/python3.11/site-packages/passlib/handlers/bcrypt.py", line 591, in _calc_checksum
    self._stub_requires_backend()
  File "/Users/angie/BalanceBasket/balancebasket/backend/.venv/lib/python3.11/site-packages/passlib/utils/handlers.py", line 2254, in _stub_requires_backend
    cls.set_backend()
  File "/Users/angie/BalanceBasket/balancebasket/backend/.venv/lib/python3.11/site-packages/passlib/utils/handlers.py", line 2156, in set_backend
    return owner.set_backend(name, dryrun=dryrun)
           ^^^^^^^^^^^^^^^^^^^^^^^^^^^^^^^^^^^^^^
  File "/Users/angie/BalanceBasket/balancebasket/backend/.venv/lib/python3.11/site-packages/passlib/utils/handlers.py", line 2163, in set_backend
    return cls.set_backend(name, dryrun=dryrun)
           ^^^^^^^^^^^^^^^^^^^^^^^^^^^^^^^^^^^^
  File "/Users/angie/BalanceBasket/balancebasket/backend/.venv/lib/python3.11/site-packages/passlib/utils/handlers.py", line 2188, in set_backend
    cls._set_backend(name, dryrun)
  File "/Users/angie/BalanceBasket/balancebasket/backend/.venv/lib/python3.11/site-packages/passlib/utils/handlers.py", line 2311, in _set_backend
    super(SubclassBackendMixin, cls)._set_backend(name, dryrun)
  File "/Users/angie/BalanceBasket/balancebasket/backend/.venv/lib/python3.11/site-packages/passlib/utils/handlers.py", line 2224, in _set_backend
    ok = loader(**kwds)
         ^^^^^^^^^^^^^^
  File "/Users/angie/BalanceBasket/balancebasket/backend/.venv/lib/python3.11/site-packages/passlib/handlers/bcrypt.py", line 626, in _load_backend_mixin
    return mixin_cls._finalize_backend_mixin(name, dryrun)
           ^^^^^^^^^^^^^^^^^^^^^^^^^^^^^^^^^^^^^^^^^^^^^^^
  File "/Users/angie/BalanceBasket/balancebasket/backend/.venv/lib/python3.11/site-packages/passlib/handlers/bcrypt.py", line 421, in _finalize_backend_mixin
    if detect_wrap_bug(IDENT_2A):
       ^^^^^^^^^^^^^^^^^^^^^^^^^
  File "/Users/angie/BalanceBasket/balancebasket/backend/.venv/lib/python3.11/site-packages/passlib/handlers/bcrypt.py", line 380, in detect_wrap_bug
    if verify(secret, bug_hash):
       ^^^^^^^^^^^^^^^^^^^^^^^^
  File "/Users/angie/BalanceBasket/balancebasket/backend/.venv/lib/python3.11/site-packages/passlib/utils/handlers.py", line 792, in verify
    return consteq(self._calc_checksum(secret), chk)
                   ^^^^^^^^^^^^^^^^^^^^^^^^^^^
  File "/Users/angie/BalanceBasket/balancebasket/backend/.venv/lib/python3.11/site-packages/passlib/handlers/bcrypt.py", line 655, in _calc_checksum
    hash = _bcrypt.hashpw(secret, config)
           ^^^^^^^^^^^^^^^^^^^^^^^^^^^^^^
ValueError: password cannot be longer than 72 bytes, truncate manually if necessary (e.g. my_password[:72])
INFO:     Started server process [48395]
INFO:     Waiting for application startup.
INFO:     Application startup complete.
INFO:     Uvicorn running on http://127.0.0.1:8000 (Press CTRL+C to quit)
INFO:     127.0.0.1:57681 - "OPTIONS /api/register HTTP/1.1" 200 OK
INFO:     127.0.0.1:57681 - "POST /api/register HTTP/1.1" 200 OK
INFO:     127.0.0.1:57683 - "POST /api/token HTTP/1.1" 200 OK
INFO:     127.0.0.1:57690 - "GET /api/meals HTTP/1.1" 200 OK
INFO:     127.0.0.1:57690 - "GET /api/meals HTTP/1.1" 200 OK
INFO:     127.0.0.1:57690 - "GET /api/seasonal HTTP/1.1" 200 OK
INFO:     127.0.0.1:57690 - "GET /api/seasonal HTTP/1.1" 200 OK
INFO:     127.0.0.1:57715 - "GET /api/products/search?q=tofu HTTP/1.1" 200 OK
INFO:     127.0.0.1:57720 - "GET /api/products/search?q=Tofu HTTP/1.1" 200 OK
INFO:     127.0.0.1:57720 - "GET /api/products/search?q=beef HTTP/1.1" 200 OK
INFO:     127.0.0.1:57730 - "GET /api/products/search?q=indian HTTP/1.1" 200 OK
INFO:     127.0.0.1:57734 - "GET /api/products/search?q=milk HTTP/1.1" 200 OK
INFO:     127.0.0.1:57734 - "GET /api/products/search?q=oat HTTP/1.1" 200 OK
INFO:     127.0.0.1:57734 - "GET /api/products/search?q=oatmilk HTTP/1.1" 200 OK
INFO:     127.0.0.1:57011 - "OPTIONS /api/chat HTTP/1.1" 200 OK
